<?xml version="1.0" encoding="UTF-8"?>
<testng-results skipped="0" failed="0" ignored="0" total="1" passed="1">
  <reporter-output>
  </reporter-output>
  <suite name="Default suite" duration-ms="7400" started-at="2020-05-13T15:27:05 IST" finished-at="2020-05-13T15:27:13 IST">
    <groups>
      <group name="cucumber">
        <method signature="AbstractTestNGCucumberTests.feature(cucumber.api.testng.CucumberFeatureWrapper)[pri:0, instance:TestRunner.runner@1563da5]" name="feature" class="cucumber.api.testng.AbstractTestNGCucumberTests"/>
      </group> <!-- cucumber -->
    </groups>
    <test name="Default test" duration-ms="7400" started-at="2020-05-13T15:27:05 IST" finished-at="2020-05-13T15:27:13 IST">
      <class name="TestRunner.runner">
        <test-method status="PASS" signature="setUpClass()[pri:0, instance:TestRunner.runner@1563da5]" name="setUpClass" is-config="true" duration-ms="455" started-at="2020-05-13T15:27:05 IST" finished-at="2020-05-13T15:27:06 IST">
          <reporter-output>
          </reporter-output>
        </test-method> <!-- setUpClass -->
        <test-method status="PASS" signature="feature(cucumber.api.testng.CucumberFeatureWrapper)[pri:0, instance:TestRunner.runner@1563da5]" name="feature" duration-ms="6754" started-at="2020-05-13T15:27:06 IST" description="Runs Cucumber Feature" data-provider="features" finished-at="2020-05-13T15:27:13 IST">
          <params>
            <param index="0">
              <value>
                <![CDATA[Validation of employee data API with excel data]]>
              </value>
            </param>
          </params>
          <reporter-output>
          </reporter-output>
        </test-method> <!-- feature -->
        <test-method status="PASS" signature="tearDownClass()[pri:0, instance:TestRunner.runner@1563da5]" name="tearDownClass" is-config="true" duration-ms="17" started-at="2020-05-13T15:27:13 IST" finished-at="2020-05-13T15:27:13 IST">
          <reporter-output>
          </reporter-output>
        </test-method> <!-- tearDownClass -->
      </class> <!-- TestRunner.runner -->
    </test> <!-- Default test -->
  </suite> <!-- Default suite -->
</testng-results>
